2025-10-06 14:27:29 | INFO | DETECTED | BTCUSDT 1d | AB=CD_1b_bull |  Pattern Detected: BTCUSDT |  Ab=Cd 1B Bull Timeframe: 1d Direction: Bullish PRZ: $74433.49 - $74582.51 Distance: 39.8%
2025-10-06 14:27:29 | INFO | DETECTED | BTCUSDT 1d | AntiGartley_bull |  Pattern Detected: BTCUSDT |  Antigartley Bull Timeframe: 1d Direction: Bullish PRZ: $74433.49 - $74582.51 Distance: 39.8%
2025-10-06 14:27:29 | INFO | DETECTED | BTCUSDT 1d | 8_2_bull |  Pattern Detected: BTCUSDT |  8 2 Bull Timeframe: 1d Direction: Bullish PRZ: $74433.49 - $74582.51 Distance: 39.8%
2025-10-06 14:27:29 | INFO | DETECTED | BTCUSDT 1d | AntiBat2_bull |  Pattern Detected: BTCUSDT |  Antibat2 Bull Timeframe: 1d Direction: Bullish PRZ: $74433.49 - $74582.51 Distance: 39.8%
2025-10-06 14:27:30 | INFO | DETECTED | BTCUSDT 1d | 8_3_bull |  Pattern Detected: BTCUSDT |  8 3 Bull Timeframe: 1d Direction: Bullish PRZ: $74433.49 - $74582.51 Distance: 39.8%
2025-10-06 14:27:30 | INFO | DETECTED | BTCUSDT 1d | 8_4_bull |  Pattern Detected: BTCUSDT |  8 4 Bull Timeframe: 1d Direction: Bullish PRZ: $74433.49 - $74582.51 Distance: 39.8%
2025-10-06 14:27:30 | INFO | DETECTED | BTCUSDT 1d | WobblyJohn1_bull |  Pattern Detected: BTCUSDT |  Wobblyjohn1 Bull Timeframe: 1d Direction: Bullish PRZ: $98101.80 - $98298.20 Distance: 20.6%
2025-10-06 14:27:30 | INFO | DETECTED | BTCUSDT 1d | Gartley1_bull |  Pattern Detected: BTCUSDT |  Gartley1 Bull Timeframe: 1d Direction: Bullish PRZ: $98101.80 - $98298.20 Distance: 20.6%
2025-10-06 14:27:31 | INFO | DETECTED | BTCUSDT 1d | BukuT1_bull |  Pattern Detected: BTCUSDT |  Bukut1 Bull Timeframe: 1d Direction: Bullish PRZ: $98101.80 - $98298.20 Distance: 20.6%
2025-10-06 14:27:31 | INFO | DETECTED | BTCUSDT 1d | Gartley1_bull |  Pattern Detected: BTCUSDT |  Gartley1 Bull Timeframe: 1d Direction: Bullish PRZ: $98101.80 - $98298.20 Distance: 20.6%
2025-10-06 14:27:31 | INFO | DETECTED | BTCUSDT 1d | BukuT1_bull |  Pattern Detected: BTCUSDT |  Bukut1 Bull Timeframe: 1d Direction: Bullish PRZ: $98101.80 - $98298.20 Distance: 20.6%
2025-10-06 14:27:31 | INFO | DETECTED | BTCUSDT 1d | Gartley1_bull |  Pattern Detected: BTCUSDT |  Gartley1 Bull Timeframe: 1d Direction: Bullish PRZ: $98101.80 - $98298.20 Distance: 20.6%
2025-10-06 14:27:31 | INFO | DETECTED | BTCUSDT 1d | BukuT1_bull |  Pattern Detected: BTCUSDT |  Bukut1 Bull Timeframe: 1d Direction: Bullish PRZ: $98101.80 - $98298.20 Distance: 20.6%
2025-10-06 14:27:32 | INFO | DETECTED | BTCUSDT 1d | SFPL_4_bull |  Pattern Detected: BTCUSDT |  Sfpl 4 Bull Timeframe: 1d Direction: Bullish PRZ: $108511.45 - $108728.69 Distance: 12.2%
2025-10-06 14:27:32 | INFO | DETECTED | BTCUSDT 1d | AntiBat2_bull |  Pattern Detected: BTCUSDT |  Antibat2 Bull Timeframe: 1d Direction: Bullish PRZ: $108511.45 - $108728.69 Distance: 12.2%
2025-10-06 14:27:32 | INFO | DETECTED | BTCUSDT 1d | 8_3_bull |  Pattern Detected: BTCUSDT |  8 3 Bull Timeframe: 1d Direction: Bullish PRZ: $108511.45 - $108728.69 Distance: 12.2%
2025-10-06 14:27:32 | INFO | DETECTED | BTCUSDT 1d | AntiBat2_bull |  Pattern Detected: BTCUSDT |  Antibat2 Bull Timeframe: 1d Direction: Bullish PRZ: $108511.45 - $108728.69 Distance: 12.2%
2025-10-06 14:27:33 | INFO | DETECTED | BTCUSDT 1d | 8_3_bull |  Pattern Detected: BTCUSDT |  8 3 Bull Timeframe: 1d Direction: Bullish PRZ: $108511.45 - $108728.69 Distance: 12.2%
2025-10-06 14:27:33 | INFO | DETECTED | BTCUSDT 1d | 8_4_bull |  Pattern Detected: BTCUSDT |  8 4 Bull Timeframe: 1d Direction: Bullish PRZ: $108511.45 - $108728.69 Distance: 12.2%
2025-10-06 14:27:37 | INFO | DETECTED | BTCUSDT 2d | AB=CD_1b_bull |  Pattern Detected: BTCUSDT |  Ab=Cd 1B Bull Timeframe: 2d Direction: Bullish PRZ: $74433.49 - $74582.51 Distance: 39.8%
2025-10-06 14:27:37 | INFO | DETECTED | BTCUSDT 2d | AB=CD_5_bull |  Pattern Detected: BTCUSDT |  Ab=Cd 5 Bull Timeframe: 2d Direction: Bullish PRZ: $74433.49 - $74582.51 Distance: 39.8%
2025-10-06 14:27:37 | INFO | DETECTED | BTCUSDT 2d | Butterfly1_bull |  Pattern Detected: BTCUSDT |  Butterfly1 Bull Timeframe: 2d Direction: Bullish PRZ: $74433.49 - $74582.51 Distance: 39.8%
2025-10-06 14:27:37 | INFO | DETECTED | BTCUSDT 2d | Gartley1_bull |  Pattern Detected: BTCUSDT |  Gartley1 Bull Timeframe: 2d Direction: Bullish PRZ: $98101.80 - $98298.20 Distance: 20.6%
2025-10-06 14:27:38 | INFO | DETECTED | BTCUSDT 2d | BukuT1_bull |  Pattern Detected: BTCUSDT |  Bukut1 Bull Timeframe: 2d Direction: Bullish PRZ: $98101.80 - $98298.20 Distance: 20.6%
2025-10-06 14:27:38 | INFO | DETECTED | BTCUSDT 2d | Gartley1_bull |  Pattern Detected: BTCUSDT |  Gartley1 Bull Timeframe: 2d Direction: Bullish PRZ: $98101.80 - $98298.20 Distance: 20.6%
2025-10-06 14:27:38 | INFO | DETECTED | BTCUSDT 2d | BukuT1_bull |  Pattern Detected: BTCUSDT |  Bukut1 Bull Timeframe: 2d Direction: Bullish PRZ: $98101.80 - $98298.20 Distance: 20.6%
2025-10-06 14:27:41 | INFO | DETECTED | BTCUSDT 3d | AB=CD_5_bull |  Pattern Detected: BTCUSDT |  Ab=Cd 5 Bull Timeframe: 3d Direction: Bullish PRZ: $74433.49 - $74582.51 Distance: 39.8%
2025-10-06 14:27:42 | INFO | DETECTED | BTCUSDT 3d | BukuT1_bull |  Pattern Detected: BTCUSDT |  Bukut1 Bull Timeframe: 3d Direction: Bullish PRZ: $74433.49 - $74582.51 Distance: 39.8%
2025-10-06 14:27:42 | INFO | DETECTED | BTCUSDT 3d | BukuT1_bull |  Pattern Detected: BTCUSDT |  Bukut1 Bull Timeframe: 3d Direction: Bullish PRZ: $74433.49 - $74582.51 Distance: 39.8%
2025-10-06 14:27:42 | INFO | DETECTED | BTCUSDT 3d | BukuT2_bull |  Pattern Detected: BTCUSDT |  Bukut2 Bull Timeframe: 3d Direction: Bullish PRZ: $74433.49 - $74582.51 Distance: 39.8%
2025-10-06 14:27:42 | INFO | DETECTED | BTCUSDT 3d | Gartley1_bull |  Pattern Detected: BTCUSDT |  Gartley1 Bull Timeframe: 3d Direction: Bullish PRZ: $98101.80 - $98298.20 Distance: 20.6%
2025-10-06 14:27:43 | INFO | DETECTED | BTCUSDT 3d | BukuT1_bull |  Pattern Detected: BTCUSDT |  Bukut1 Bull Timeframe: 3d Direction: Bullish PRZ: $98101.80 - $98298.20 Distance: 20.6%
2025-10-06 14:27:43 | INFO | DETECTED | BTCUSDT 3d | Gartley1_bull |  Pattern Detected: BTCUSDT |  Gartley1 Bull Timeframe: 3d Direction: Bullish PRZ: $98101.80 - $98298.20 Distance: 20.6%
2025-10-06 14:27:43 | INFO | DETECTED | BTCUSDT 3d | BukuT1_bull |  Pattern Detected: BTCUSDT |  Bukut1 Bull Timeframe: 3d Direction: Bullish PRZ: $98101.80 - $98298.20 Distance: 20.6%
2025-10-06 14:27:46 | INFO | DETECTED | ETHUSDT 3d | AB=CD_1a_bull |  Pattern Detected: ETHUSDT |  Ab=Cd 1A Bull Timeframe: 3d Direction: Bullish PRZ: $1383.66 - $1386.44 Distance: 69.6%
2025-10-06 14:27:46 | INFO | DETECTED | ETHUSDT 3d | AntiCrab1_bull |  Pattern Detected: ETHUSDT |  Anticrab1 Bull Timeframe: 3d Direction: Bullish PRZ: $2109.78 - $2114.00 Distance: 53.7%
2025-10-06 14:27:46 | INFO | DETECTED | ETHUSDT 3d | AntiCrab1_bull |  Pattern Detected: ETHUSDT |  Anticrab1 Bull Timeframe: 3d Direction: Bullish PRZ: $2109.78 - $2114.00 Distance: 53.7%
2025-10-06 14:27:47 | INFO | DETECTED | ETHUSDT 3d | AntiCrab1_bull |  Pattern Detected: ETHUSDT |  Anticrab1 Bull Timeframe: 3d Direction: Bullish PRZ: $2109.78 - $2114.00 Distance: 53.7%
2025-10-06 14:27:47 | INFO | DETECTED | ETHUSDT 3d | AntiButterfly1_bull |  Pattern Detected: ETHUSDT |  Antibutterfly1 Bull Timeframe: 3d Direction: Bullish PRZ: $3811.18 - $3818.81 Distance: 16.3%
2025-10-06 14:27:47 | INFO | DETECTED | ETHUSDT 3d | WobblyJohn1_bull |  Pattern Detected: ETHUSDT |  Wobblyjohn1 Bull Timeframe: 3d Direction: Bullish PRZ: $3811.18 - $3818.81 Distance: 16.3%
2025-10-06 14:27:47 | INFO | DETECTED | ETHUSDT 3d | SFPL_1_bull |  Pattern Detected: ETHUSDT |  Sfpl 1 Bull Timeframe: 3d Direction: Bullish PRZ: $3811.18 - $3818.81 Distance: 16.3%
2025-10-06 14:27:51 | INFO | DETECTED | ETHUSDT 2d | AntiCrab1_bull |  Pattern Detected: ETHUSDT |  Anticrab1 Bull Timeframe: 2d Direction: Bullish PRZ: $2109.78 - $2114.00 Distance: 53.7%
2025-10-06 14:27:52 | INFO | DETECTED | ETHUSDT 2d | AntiCrab1_bull |  Pattern Detected: ETHUSDT |  Anticrab1 Bull Timeframe: 2d Direction: Bullish PRZ: $2109.78 - $2114.00 Distance: 53.7%
2025-10-06 14:27:52 | INFO | DETECTED | ETHUSDT 2d | AntiCrab1_bull |  Pattern Detected: ETHUSDT |  Anticrab1 Bull Timeframe: 2d Direction: Bullish PRZ: $2109.78 - $2114.00 Distance: 53.7%
2025-10-06 14:27:52 | INFO | DETECTED | ETHUSDT 2d | AntiButterfly1_bull |  Pattern Detected: ETHUSDT |  Antibutterfly1 Bull Timeframe: 2d Direction: Bullish PRZ: $3811.18 - $3818.81 Distance: 16.3%
2025-10-06 14:27:52 | INFO | DETECTED | ETHUSDT 2d | WobblyJohn1_bull |  Pattern Detected: ETHUSDT |  Wobblyjohn1 Bull Timeframe: 2d Direction: Bullish PRZ: $3811.18 - $3818.81 Distance: 16.3%
2025-10-06 14:27:52 | INFO | DETECTED | ETHUSDT 2d | SFPL_1_bull |  Pattern Detected: ETHUSDT |  Sfpl 1 Bull Timeframe: 2d Direction: Bullish PRZ: $3811.18 - $3818.81 Distance: 16.3%
2025-10-06 14:28:00 | INFO | DETECTED | ETHUSDT 1d | AB=CD_1a_bull |  Pattern Detected: ETHUSDT |  Ab=Cd 1A Bull Timeframe: 1d Direction: Bullish PRZ: $1383.66 - $1386.44 Distance: 69.6%
2025-10-06 14:28:00 | INFO | DETECTED | ETHUSDT 1d | AB=CD_3_bull |  Pattern Detected: ETHUSDT |  Ab=Cd 3 Bull Timeframe: 1d Direction: Bullish PRZ: $1729.97 - $1733.43 Distance: 62.0%
2025-10-06 14:28:01 | INFO | DETECTED | ETHUSDT 1d | AntiCrab1_bull |  Pattern Detected: ETHUSDT |  Anticrab1 Bull Timeframe: 1d Direction: Bullish PRZ: $2109.78 - $2114.00 Distance: 53.7%
2025-10-06 14:28:01 | INFO | DETECTED | ETHUSDT 1d | AntiCrab1_bull |  Pattern Detected: ETHUSDT |  Anticrab1 Bull Timeframe: 1d Direction: Bullish PRZ: $2109.78 - $2114.00 Distance: 53.7%
2025-10-06 14:28:01 | INFO | DETECTED | ETHUSDT 1d | AntiButterfly1_bull |  Pattern Detected: ETHUSDT |  Antibutterfly1 Bull Timeframe: 1d Direction: Bullish PRZ: $3350.93 - $3357.63 Distance: 26.4%
2025-10-06 14:28:01 | INFO | DETECTED | ETHUSDT 1d | WobblyJohn1_bull |  Pattern Detected: ETHUSDT |  Wobblyjohn1 Bull Timeframe: 1d Direction: Bullish PRZ: $3350.93 - $3357.63 Distance: 26.4%
2025-10-06 14:28:02 | INFO | DETECTED | ETHUSDT 1d | SFPL_1_bull |  Pattern Detected: ETHUSDT |  Sfpl 1 Bull Timeframe: 1d Direction: Bullish PRZ: $3350.93 - $3357.63 Distance: 26.4%
2025-10-06 14:28:02 | INFO | DETECTED | ETHUSDT 1d | MaxButterfly3_bull |  Pattern Detected: ETHUSDT |  Maxbutterfly3 Bull Timeframe: 1d Direction: Bullish PRZ: $3350.93 - $3357.63 Distance: 26.4%
2025-10-06 14:28:02 | INFO | DETECTED | ETHUSDT 1d | AntiCypher2_bull |  Pattern Detected: ETHUSDT |  Anticypher2 Bull Timeframe: 1d Direction: Bullish PRZ: $3350.93 - $3357.63 Distance: 26.4%
2025-10-06 14:28:02 | INFO | DETECTED | ETHUSDT 1d | AntiButterfly2_bear |  Pattern Detected: ETHUSDT |  Antibutterfly2 Bear Timeframe: 1d Direction: Bullish PRZ: $4764.59 - $4774.13 Distance: 4.4%
2025-10-06 14:28:03 | INFO | DETECTED | ETHUSDT 1d | Cypher1_bear |  Pattern Detected: ETHUSDT |  Cypher1 Bear Timeframe: 1d Direction: Bullish PRZ: $4764.59 - $4774.13 Distance: 4.4%
2025-10-06 14:28:03 | INFO | DETECTED | ETHUSDT 1d | Cypher2_bear |  Pattern Detected: ETHUSDT |  Cypher2 Bear Timeframe: 1d Direction: Bullish PRZ: $4764.59 - $4774.13 Distance: 4.4%
2025-10-06 14:28:03 | INFO | APPROACHING | ETHUSDT 1d | Cypher2_bear |  Approaching PRZ: ETHUSDT |  Cypher2 Bear Timeframe: 1d Current Price: $4562.31 PRZ: $4764.59 - $4774.13 Distance: 4.4%
2025-10-06 14:28:04 | INFO | APPROACHING | ETHUSDT 1d | Cypher1_bear |  Approaching PRZ: ETHUSDT |  Cypher1 Bear Timeframe: 1d Current Price: $4562.31 PRZ: $4764.59 - $4774.13 Distance: 4.4%
2025-10-06 14:28:04 | INFO | APPROACHING | ETHUSDT 1d | AntiButterfly2_bear |  Approaching PRZ: ETHUSDT |  Antibutterfly2 Bear Timeframe: 1d Current Price: $4562.31 PRZ: $4764.59 - $4774.13 Distance: 4.4%
2025-10-06 14:28:07 | INFO | DETECTED | HYPEUSDT 1d | AB=CD_1b_bear |  Pattern Detected: HYPEUSDT |  Ab=Cd 1B Bear Timeframe: 1d Direction: Bullish PRZ: $59.57 - $59.69 Distance: 22.1%
2025-10-06 14:28:07 | INFO | DETECTED | HYPEUSDT 1d | BukuT3_bull |  Pattern Detected: HYPEUSDT |  Bukut3 Bull Timeframe: 1d Direction: Bullish PRZ: $35.46 - $35.53 Distance: 27.2%
2025-10-06 14:28:07 | INFO | DETECTED | HYPEUSDT 1d | AntiShark4_bull |  Pattern Detected: HYPEUSDT |  Antishark4 Bull Timeframe: 1d Direction: Bullish PRZ: $35.46 - $35.53 Distance: 27.2%
2025-10-06 14:28:07 | INFO | DETECTED | HYPEUSDT 1d | AntiShark4_bull |  Pattern Detected: HYPEUSDT |  Antishark4 Bull Timeframe: 1d Direction: Bullish PRZ: $35.46 - $35.53 Distance: 27.2%
2025-10-06 14:28:08 | INFO | DETECTED | HYPEUSDT 1d | AntiBat2_bull |  Pattern Detected: HYPEUSDT |  Antibat2 Bull Timeframe: 1d Direction: Bullish PRZ: $39.68 - $39.76 Distance: 18.5%
2025-10-06 14:28:08 | INFO | DETECTED | HYPEUSDT 1d | 8_3_bull |  Pattern Detected: HYPEUSDT |  8 3 Bull Timeframe: 1d Direction: Bullish PRZ: $39.68 - $39.76 Distance: 18.5%
2025-10-06 14:28:08 | INFO | DETECTED | HYPEUSDT 1d | AntiBat2_bull |  Pattern Detected: HYPEUSDT |  Antibat2 Bull Timeframe: 1d Direction: Bullish PRZ: $39.68 - $39.76 Distance: 18.5%
2025-10-06 14:28:08 | INFO | DETECTED | HYPEUSDT 1d | 8_3_bull |  Pattern Detected: HYPEUSDT |  8 3 Bull Timeframe: 1d Direction: Bullish PRZ: $39.68 - $39.76 Distance: 18.5%
2025-10-06 14:30:19 | INFO | DETECTED | XLMUSDT 1d | AB=CD_3_bear |  Pattern Detected: XLMUSDT |  Ab=Cd 3 Bear Timeframe: 1d Direction: Bullish PRZ: $0.80 - $0.80 Distance: 97.4%
2025-10-06 14:30:19 | INFO | DETECTED | XLMUSDT 1d | AB=CD_6b_bear |  Pattern Detected: XLMUSDT |  Ab=Cd 6B Bear Timeframe: 1d Direction: Bullish PRZ: $0.41 - $0.41 Distance: 2.4%
2025-10-06 14:30:19 | INFO | APPROACHING | XLMUSDT 1d | AB=CD_6b_bear |  Approaching PRZ: XLMUSDT |  Ab=Cd 6B Bear Timeframe: 1d Current Price: $0.40 PRZ: $0.41 - $0.41 Distance: 2.4%
